>>at version 0.2.2.3 - 0.2.2.9
'''

language update

繁體中文 and English

streamline content update

delete some game in the __lidao__.py

delete some Irrelevant content in the __lidao__.py

create file update.log

'''
>>at version 0.2.2.10 - 0.2.2.14
'''

practicability update

you can Exit it

practicability update

fix loading too long

'''
>>at version 0.2.3.1 -0.2.3.4
'''
practicability update

make logo more and more modern

make the loading more useful

streamline content update

practicability update

fix calc is error

file control update

'''
>>at version 0.3.*.*
'''
big change

'''
>>at version 0.4.*.*
'''

big change

'''
>>at version 0.5.0.0
'''

[doge]

'''
>>at version 0.5.1.0 -0.5.1.1
'''

[doge]

'''